~~ Round 1 ~~
Angel XPAngel was spawned at 0 0
XPAngel helped Wizard 0
XPAngel helped Knight 1
Angel XPAngel was spawned at 0 0
XPAngel helped Wizard 0
XPAngel helped Knight 1

~~ Round 2 ~~
Player Wizard 0 was killed by Knight 1
Knight 1 reached level 1
Angel GoodBoy was spawned at 0 0
GoodBoy helped Knight 1
Knight 1 reached level 1
Angel TheDoomer was spawned at 0 0
TheDoomer hit Knight 1
Player Knight 1 was killed by an angel
Angel Spawner was spawned at 0 0
Spawner helped Wizard 0
Spawner helped Knight 1

~~ Results ~~
W 0 120 120 0 0
K 1 290 200 0 0
