~~ Round 1 ~~
Player Wizard 1 was killed by Pyromancer 0
Angel Spawner was spawned at 0 0
Spawner helped Pyromancer 0
Spawner helped Wizard 1

~~ Round 2 ~~
Player Wizard 1 was killed by Pyromancer 0
Pyromancer 0 reached level 1
Pyromancer 0 reached level 2
Pyromancer 0 reached level 3
Pyromancer 0 reached level 4
Player Pyromancer 0 was killed by Wizard 1
Wizard 1 reached level 1
Wizard 1 reached level 2
Wizard 1 reached level 3
Angel LifeGiver was spawned at 0 0
Angel LifeGiver was spawned at 0 0
Angel LifeGiver was spawned at 0 0

~~ Results ~~
P dead
W dead
